<?xml version="1.0" encoding="UTF-8"?>
<!-- Generated by org.testng.reporters.JUnitXMLReporter -->
<testsuite hostname="This-PC" ignored="0" name="Test" tests="7" failures="0" timestamp="2021-12-06T21:24:10 IST" time="7.064" errors="0">
  <testcase name="@BeforeMethod openBrowser" time="5.841" classname="util.CBT">
    <failure type="org.openqa.selenium.WebDriverException" message="Cannot find firefox binary in PATH. Make sure firefox is installed. OS appears to be: WIN8_1
Build info: version: &amp;apos;4.0.0-beta-4&amp;apos;, revision: &amp;apos;29f46d02dd&amp;apos;
System info: host: &amp;apos;THIS-PC&amp;apos;, ip: &amp;apos;192.168.43.46&amp;apos;, os.name: &amp;apos;Windows 8.1&amp;apos;, os.arch: &amp;apos;amd64&amp;apos;, os.version: &amp;apos;6.3&amp;apos;, java.version: &amp;apos;1.8.0_291&amp;apos;
Driver info: driver.version: FirefoxDriver">
      <![CDATA[org.openqa.selenium.WebDriverException: Cannot find firefox binary in PATH. Make sure firefox is installed. OS appears to be: WIN8_1
Build info: version: '4.0.0-beta-4', revision: '29f46d02dd'
System info: host: 'THIS-PC', ip: '192.168.43.46', os.name: 'Windows 8.1', os.arch: 'amd64', os.version: '6.3', java.version: '1.8.0_291'
Driver info: driver.version: FirefoxDriver
at org.openqa.selenium.firefox.FirefoxBinary.<init>(FirefoxBinary.java:95)
at java.util.Optional.orElseGet(Optional.java:267)
at org.openqa.selenium.firefox.FirefoxOptions.getBinary(FirefoxOptions.java:189)
at org.openqa.selenium.firefox.GeckoDriverService$Builder.withOptions(GeckoDriverService.java:180)
at org.openqa.selenium.firefox.FirefoxDriver.toExecutor(FirefoxDriver.java:236)
at org.openqa.selenium.firefox.FirefoxDriver.<init>(FirefoxDriver.java:193)
at org.openqa.selenium.firefox.FirefoxDriver.<init>(FirefoxDriver.java:171)
at util.CBT.openBrowser(CBT.java:23)
at java.util.concurrent.ThreadPoolExecutor.runWorker(ThreadPoolExecutor.java:1149)
at java.util.concurrent.ThreadPoolExecutor$Worker.run(ThreadPoolExecutor.java:624)
at java.lang.Thread.run(Thread.java:748)
... Removed 16 stack frames]]>
    </failure>
  </testcase> <!-- @BeforeMethod openBrowser -->
  <testcase name="@BeforeMethod openBrowser" time="-1.638806049706E9" classname="util.CBT">
    <skipped/>
  </testcase> <!-- @BeforeMethod openBrowser -->
  <testcase name="@BeforeMethod openBrowser" time="-1.638806049748E9" classname="util.CBT">
    <skipped/>
  </testcase> <!-- @BeforeMethod openBrowser -->
  <testcase name="@BeforeMethod openBrowser" time="-1.638806049784E9" classname="util.CBT">
    <skipped/>
  </testcase> <!-- @BeforeMethod openBrowser -->
  <testcase name="@BeforeMethod openBrowser" time="-1.638806049827E9" classname="util.CBT">
    <skipped/>
  </testcase> <!-- @BeforeMethod openBrowser -->
  <testcase name="@BeforeMethod openBrowser" time="-1.638806049892E9" classname="util.CBT">
    <skipped/>
  </testcase> <!-- @BeforeMethod openBrowser -->
  <testcase name="@BeforeMethod openBrowser" time="-1.638806049917E9" classname="util.CBT">
    <skipped/>
  </testcase> <!-- @BeforeMethod openBrowser -->
  <testcase name="ValidateCustomer" time="0.0" classname="com.TestCases.TC_001">
    <skipped/>
  </testcase> <!-- ValidateCustomer -->
  <testcase name="ValidateCustomer" time="0.0" classname="com.TestCases.TC_001">
    <skipped/>
  </testcase> <!-- ValidateCustomer -->
  <testcase name="ValidateCustomer" time="0.0" classname="com.TestCases.TC_001">
    <skipped/>
  </testcase> <!-- ValidateCustomer -->
  <testcase name="ValidateCustomer" time="0.0" classname="com.TestCases.TC_001">
    <skipped/>
  </testcase> <!-- ValidateCustomer -->
  <testcase name="ValidateCustomer" time="0.0" classname="com.TestCases.TC_001">
    <skipped/>
  </testcase> <!-- ValidateCustomer -->
  <testcase name="ValidateCustomer" time="0.0" classname="com.TestCases.TC_001">
    <skipped/>
  </testcase> <!-- ValidateCustomer -->
  <testcase name="ValidateCustomer" time="0.001" classname="com.TestCases.TC_001">
    <skipped/>
  </testcase> <!-- ValidateCustomer -->
</testsuite> <!-- Test -->
